<?xml version="1.0" encoding="UTF-8"?>
<!-- Generated by org.testng.reporters.JUnitReportReporter -->
<testsuite hostname="DESKTOP-P86CKT6" failures="0" tests="1" name="practice.DesiredCapability" time="0.077" errors="0" timestamp="2022-03-22T14:04:11 IST" skipped="0">
  <testcase classname="practice.DesiredCapability" name="desiredTest" time="0.077"/>
  <system-out/>
</testsuite> <!-- practice.DesiredCapability -->
