<?xml version="1.0" encoding="UTF-8"?>
<!-- Generated by org.testng.reporters.JUnitReportReporter -->
<testsuite hostname="DESKTOP-P86CKT6" failures="0" tests="5" name="practice.BookTicket" time="0.018" errors="0" timestamp="2022-01-20T15:02:44 IST" skipped="0">
  <testcase classname="practice.BookTicket" name="bookTicketTest" time="0.002"/>
  <system-out/>
  <testcase classname="practice.BookTicket" name="bookTicketTest" time="0.002"/>
  <system-out/>
  <testcase classname="practice.BookTicket" name="bookTicketTest" time="0.002"/>
  <system-out/>
  <testcase classname="practice.BookTicket" name="bookTicketTest" time="0.001"/>
  <system-out/>
  <testcase classname="practice.BookTicket" name="bookTicketTest" time="0.011"/>
  <system-out/>
</testsuite> <!-- practice.BookTicket -->
