<?xml version="1.0" encoding="UTF-8"?>
<!-- Generated by org.testng.reporters.JUnitReportReporter -->
<testsuite hostname="DESKTOP-P86CKT6" failures="0" tests="1" name="com.crm.comcast.ContactTest.CreateContactWithOrgTest" time="30.269" errors="0" timestamp="2022-01-20T12:46:59 IST" skipped="0">
  <testcase classname="com.crm.comcast.ContactTest.CreateContactWithOrgTest" name="createContactWithOrgTest" time="30.269"/>
  <system-out/>
</testsuite> <!-- com.crm.comcast.ContactTest.CreateContactWithOrgTest -->
