<?xml version="1.0" encoding="UTF-8"?>
<!-- Generated by org.testng.reporters.JUnitReportReporter -->
<testsuite hostname="DESKTOP-P86CKT6" failures="0" tests="1" name="jdbc.ProjectUnitTest" time="0.312" errors="0" timestamp="2022-03-01T22:13:05 IST" skipped="0">
  <testcase classname="jdbc.ProjectUnitTest" name="projectUnitTest" time="0.312"/>
  <system-out/>
</testsuite> <!-- jdbc.ProjectUnitTest -->
