<?xml version="1.0" encoding="UTF-8"?>
<!-- Generated by org.testng.reporters.JUnitReportReporter -->
<testsuite hostname="DESKTOP-P86CKT6" failures="0" tests="1" name="xpath.DynamicXpathCalenderPopupTest" time="29.818" errors="0" timestamp="2022-03-02T13:21:27 IST" skipped="0">
  <testcase classname="xpath.DynamicXpathCalenderPopupTest" name="calender" time="29.818"/>
  <system-out/>
</testsuite> <!-- xpath.DynamicXpathCalenderPopupTest -->
