<?xml version="1.0" encoding="UTF-8"?>
<!-- Generated by org.testng.reporters.JUnitReportReporter -->
<testsuite hostname="DESKTOP-P86CKT6" failures="0" tests="1" name="practice.Sample_Test" time="0.000" errors="0" timestamp="2022-01-21T11:17:13 IST" skipped="1">
  <testcase classname="practice.Sample_Test" name="addToCartAndBill" time="0.000">
    <skipped/>
  </testcase> <!-- addToCartAndBill -->
  <system-out/>
</testsuite> <!-- practice.Sample_Test -->
