<?xml version="1.0" encoding="UTF-8"?>
<!-- Generated by org.testng.reporters.JUnitReportReporter -->
<testsuite hostname="DESKTOP-P86CKT6" failures="0" tests="4" name="com.crm.comcast.orgtest.OrgWithDataProviderTest" time="135.906" errors="0" timestamp="2022-02-02T15:02:55 IST" skipped="0">
  <testcase classname="com.crm.comcast.orgtest.OrgWithDataProviderTest" name="orgWithDataProvider" time="35.186"/>
  <system-out/>
  <testcase classname="com.crm.comcast.orgtest.OrgWithDataProviderTest" name="orgWithDataProvider" time="30.336"/>
  <system-out/>
  <testcase classname="com.crm.comcast.orgtest.OrgWithDataProviderTest" name="orgWithDataProvider" time="35.722"/>
  <system-out/>
  <testcase classname="com.crm.comcast.orgtest.OrgWithDataProviderTest" name="orgWithDataProvider" time="34.662"/>
  <system-out/>
</testsuite> <!-- com.crm.comcast.orgtest.OrgWithDataProviderTest -->
