<?xml version="1.0" encoding="UTF-8"?>
<!-- Generated by org.testng.reporters.JUnitReportReporter -->
<testsuite hostname="DESKTOP-P86CKT6" failures="0" tests="1" name="xpath.VKA" time="9.293" errors="0" timestamp="2022-03-16T15:07:58 IST" skipped="0">
  <testcase classname="xpath.VKA" name="getSal" time="9.293"/>
  <system-out/>
</testsuite> <!-- xpath.VKA -->
