<?xml version="1.0" encoding="UTF-8"?>
<!-- Generated by org.testng.reporters.JUnitReportReporter -->
<testsuite hostname="DESKTOP-P86CKT6" failures="0" tests="1" name="xpath.SystemDateTest" time="9.847" errors="0" timestamp="2022-03-02T14:41:29 IST" skipped="0">
  <testcase classname="xpath.SystemDateTest" name="calender" time="9.847"/>
  <system-out/>
</testsuite> <!-- xpath.SystemDateTest -->
