<?xml version="1.0" encoding="UTF-8"?>
<!-- Generated by org.testng.reporters.JUnitReportReporter -->
<testsuite hostname="DESKTOP-P86CKT6" failures="0" tests="1" name="com.crm.comcast.orgtest.CreateOrgWithIndustriesTypeTest" time="29.223" errors="0" timestamp="2022-01-20T19:00:34 IST" skipped="0">
  <testcase classname="com.crm.comcast.orgtest.CreateOrgWithIndustriesTypeTest" name="createOrgWithIndustriesTypeTest" time="29.223"/>
  <system-out/>
</testsuite> <!-- com.crm.comcast.orgtest.CreateOrgWithIndustriesTypeTest -->
