<?xml version="1.0" encoding="UTF-8"?>
<!-- Generated by org.testng.reporters.JUnitReportReporter -->
<testsuite hostname="DESKTOP-P86CKT6" failures="0" tests="1" name="xpath.A" time="103.880" errors="0" timestamp="2022-03-02T15:26:32 IST" skipped="0">
  <testcase classname="xpath.A" name="calender" time="103.880"/>
  <system-out/>
</testsuite> <!-- xpath.A -->
