<?xml version="1.0" encoding="UTF-8"?>
<!-- Generated by org.testng.reporters.JUnitReportReporter -->
<testsuite hostname="DESKTOP-P86CKT6" failures="0" tests="1" name="practice.CreateContactWithOrgTest" time="33.108" errors="0" timestamp="2022-01-20T19:49:04 IST" skipped="0">
  <testcase classname="practice.CreateContactWithOrgTest" name="createContactWithOrgTest" time="33.108"/>
  <system-out/>
</testsuite> <!-- practice.CreateContactWithOrgTest -->
