<?xml version="1.0" encoding="UTF-8"?>
<!-- Generated by org.testng.reporters.JUnitReportReporter -->
<testsuite hostname="DESKTOP-P86CKT6" failures="0" tests="1" name="xpath.AnyMonthTest" time="61.141" errors="0" timestamp="2022-03-02T14:54:44 IST" skipped="0">
  <testcase classname="xpath.AnyMonthTest" name="calender" time="61.141"/>
  <system-out/>
</testsuite> <!-- xpath.AnyMonthTest -->
