<?xml version="1.0" encoding="UTF-8"?>
<!-- Generated by org.testng.reporters.JUnitReportReporter -->
<testsuite hostname="DESKTOP-P86CKT6" failures="0" tests="3" name="practice.Customer" time="0.010" errors="0" timestamp="2022-01-20T15:23:12 IST" skipped="0">
  <testcase classname="practice.Customer" name="createCustomerTest" time="0.008"/>
  <system-out/>
  <testcase classname="practice.Customer" name="modifyCustomerTest" time="0.001"/>
  <system-out/>
  <testcase classname="practice.Customer" name="deleteCustomerTest" time="0.001"/>
  <system-out/>
</testsuite> <!-- practice.Customer -->
