<?xml version="1.0" encoding="UTF-8"?>
<!-- Generated by org.testng.reporters.JUnitReportReporter -->
<testsuite hostname="DESKTOP-P86CKT6" failures="0" tests="1" name="practice.DynamicXpathCalenderPopupTest" time="13.421" errors="0" timestamp="2022-03-02T12:58:57 IST" skipped="0">
  <testcase classname="practice.DynamicXpathCalenderPopupTest" name="calender" time="13.421"/>
  <system-out/>
</testsuite> <!-- practice.DynamicXpathCalenderPopupTest -->
