<?xml version="1.0" encoding="UTF-8"?>
<!-- Generated by org.testng.reporters.JUnitReportReporter -->
<testsuite hostname="DESKTOP-P86CKT6" failures="0" tests="1" name="practice.ExcelFille" time="0.735" errors="0" timestamp="2022-01-15T11:47:40 IST" skipped="0">
  <testcase classname="practice.ExcelFille" name="readExelTest" time="0.735"/>
  <system-out/>
</testsuite> <!-- practice.ExcelFille -->
