<?xml version="1.0" encoding="UTF-8"?>
<!-- Generated by org.testng.reporters.JUnitReportReporter -->
<testsuite hostname="DESKTOP-P86CKT6" failures="0" tests="1" name="xpath.AnyDayTest" time="9.345" errors="0" timestamp="2022-03-02T14:44:24 IST" skipped="0">
  <testcase classname="xpath.AnyDayTest" name="calender" time="9.345"/>
  <system-out/>
</testsuite> <!-- xpath.AnyDayTest -->
